<?xml version="1.0" encoding="UTF-8"?>
<!-- Generated by org.testng.reporters.JUnitReportReporter -->
<testsuite hostname="DESKTOP-OJ1KLDU" failures="0" tests="1" name="testClasses.WeatherReportComparator" time="74.373" errors="0" timestamp="2020-08-30T17:44:43 IST" skipped="0">
  <testcase classname="testClasses.WeatherReportComparator" name="compareReport" time="74.373"/>
  <system-out/>
</testsuite> <!-- testClasses.WeatherReportComparator -->
