<?xml version="1.0" encoding="UTF-8"?>
<!-- Generated by org.testng.reporters.JUnitReportReporter -->
<testsuite hostname="DESKTOP-OJ1KLDU" failures="0" tests="1" name="testClasses.NdtvWeatherReport" time="29.873" errors="0" timestamp="2020-08-30T17:20:22 IST" skipped="0">
  <testcase classname="testClasses.NdtvWeatherReport" name="compareReport" time="29.873"/>
  <system-out/>
</testsuite> <!-- testClasses.NdtvWeatherReport -->
